
         /\      Grafana   /‾‾/  
    /\  /  \     |\  __   /  /   
   /  \/    \    | |/ /  /   ‾‾\ 
  /          \   |   (  |  (‾)  |
 / __________ \  |_|\_\  \_____/ 

     execution: local
        script: signup_v1.js
        output: -

     scenarios: (100.00%) 1 scenario, 10 max VUs, 1h0m30s max duration (incl. graceful stop):
              * test: 500 iterations for each of 10 VUs (maxDuration: 1h0m0s, gracefulStop: 30s)

time="2025-04-23T17:22:36+08:00" level=info msg="Processing global index: 4500 of 5000 at 20250423 17:22:36" source=console
time="2025-04-23T17:22:36+08:00" level=info msg="Processing global index: 0 of 5000 at 20250423 17:22:36" source=console
time="2025-04-23T17:22:36+08:00" level=info msg="Processing global index: 2500 of 5000 at 20250423 17:22:36" source=console
time="2025-04-23T17:22:36+08:00" level=info msg="Processing global index: 1500 of 5000 at 20250423 17:22:36" source=console
time="2025-04-23T17:22:36+08:00" level=info msg="Processing global index: 3000 of 5000 at 20250423 17:22:36" source=console
time="2025-04-23T17:22:36+08:00" level=info msg="Processing global index: 3500 of 5000 at 20250423 17:22:36" source=console
time="2025-04-23T17:22:36+08:00" level=info msg="Processing global index: 4000 of 5000 at 20250423 17:22:36" source=console
time="2025-04-23T17:22:36+08:00" level=info msg="Processing global index: 500 of 5000 at 20250423 17:22:36" source=console
time="2025-04-23T17:22:36+08:00" level=info msg="Processing global index: 1000 of 5000 at 20250423 17:22:36" source=console
time="2025-04-23T17:22:36+08:00" level=info msg="Processing global index: 2000 of 5000 at 20250423 17:22:36" source=console
time="2025-04-23T17:22:37+08:00" level=info msg="CSV_LINE:batch1001@batch.com.tw,測一零零一,272824,8ef63a84-9cdd-48e0-abd8-848a84af2eb2,N/A,20250423 17:22:36,166.696,N/A,add API validation failed: 活動不是發佈狀態" source=console
time="2025-04-23T17:22:37+08:00" level=info msg="Processing global index: 1001 of 5000 at 20250423 17:22:37" source=console
time="2025-04-23T17:22:37+08:00" level=info msg="CSV_LINE:batch3501@batch.com.tw,測三五零一,275324,8aa32823-6acf-4728-9f13-b1ae363115b3,N/A,20250423 17:22:36,173.165,N/A,add API validation failed: 活動不是發佈狀態" source=console
time="2025-04-23T17:22:37+08:00" level=info msg="Processing global index: 3501 of 5000 at 20250423 17:22:37" source=console
time="2025-04-23T17:22:37+08:00" level=info msg="CSV_LINE:batch0001@batch.com.tw,測零零零一,270715,ca2f36c7-a757-42bf-b330-57b8cd4c1f10,N/A,20250423 17:22:36,165.5,N/A,add API validation failed: 活動不是發佈狀態" source=console
time="2025-04-23T17:22:37+08:00" level=info msg="Processing global index: 1 of 5000 at 20250423 17:22:37" source=console
time="2025-04-23T17:22:37+08:00" level=info msg="CSV_LINE:batch3001@batch.com.tw,測三零零一,274824,facd50ce-761a-4735-bdb1-efe6b2106e58,N/A,20250423 17:22:36,176.884,N/A,add API validation failed: 活動不是發佈狀態" source=console
time="2025-04-23T17:22:37+08:00" level=info msg="CSV_LINE:batch2501@batch.com.tw,測二五零一,274324,3fb4d5e3-1a97-496b-8581-8b2547c46caf,N/A,20250423 17:22:36,181.875,N/A,add API validation failed: 活動不是發佈狀態" source=console
time="2025-04-23T17:22:37+08:00" level=info msg="Processing global index: 3001 of 5000 at 20250423 17:22:37" source=console
time="2025-04-23T17:22:37+08:00" level=info msg="Processing global index: 2501 of 5000 at 20250423 17:22:37" source=console
time="2025-04-23T17:22:37+08:00" level=info msg="CSV_LINE:batch2001@batch.com.tw,測二零零一,273824,c9ffa962-7b97-4410-9850-fb6dc6b11240,N/A,20250423 17:22:36,177.461,N/A,add API validation failed: 活動不是發佈狀態" source=console
time="2025-04-23T17:22:37+08:00" level=info msg="CSV_LINE:batch4001@batch.com.tw,測四零零一,275824,3c028167-791a-4d5f-86c5-c1cc81d45918,N/A,20250423 17:22:36,176.069,N/A,add API validation failed: 活動不是發佈狀態" source=console
time="2025-04-23T17:22:37+08:00" level=info msg="Processing global index: 2001 of 5000 at 20250423 17:22:37" source=console
time="2025-04-23T17:22:37+08:00" level=info msg="Processing global index: 4001 of 5000 at 20250423 17:22:37" source=console
time="2025-04-23T17:22:37+08:00" level=info msg="CSV_LINE:batch4501@batch.com.tw,測四五零一,276324,694ed1ef-d5d1-4322-8792-91107e078565,N/A,20250423 17:22:36,175.256,N/A,add API validation failed: 活動不是發佈狀態" source=console
time="2025-04-23T17:22:37+08:00" level=info msg="Processing global index: 4501 of 5000 at 20250423 17:22:37" source=console
time="2025-04-23T17:22:37+08:00" level=info msg="CSV_LINE:batch1501@batch.com.tw,測一五零一,273324,997f7369-1549-4de2-99b1-304c9c1a901e,N/A,20250423 17:22:36,177.354,N/A,add API validation failed: 活動不是發佈狀態" source=console
time="2025-04-23T17:22:37+08:00" level=info msg="Processing global index: 1501 of 5000 at 20250423 17:22:37" source=console
time="2025-04-23T17:22:37+08:00" level=info msg="CSV_LINE:batch1002@batch.com.tw,測一零零二,272825,e0d8768d-b2ba-41f2-a500-0a8b7bc54add,N/A,20250423 17:22:37,107.297,N/A,add API validation failed: 活動不是發佈狀態" source=console
time="2025-04-23T17:22:37+08:00" level=info msg="Processing global index: 1002 of 5000 at 20250423 17:22:37" source=console
time="2025-04-23T17:22:37+08:00" level=info msg="CSV_LINE:batch3502@batch.com.tw,測三五零二,275325,966fc43e-b567-4aa2-8a84-f3528f2b16e5,N/A,20250423 17:22:37,99.838,N/A,add API validation failed: 活動不是發佈狀態" source=console
time="2025-04-23T17:22:37+08:00" level=info msg="Processing global index: 3502 of 5000 at 20250423 17:22:37" source=console
time="2025-04-23T17:22:37+08:00" level=info msg="CSV_LINE:batch2502@batch.com.tw,測二五零二,274325,9cd0f3d4-94b4-4cea-9db2-d223eed0ee87,N/A,20250423 17:22:37,99.768,N/A,add API validation failed: 活動不是發佈狀態" source=console
time="2025-04-23T17:22:37+08:00" level=info msg="Processing global index: 2502 of 5000 at 20250423 17:22:37" source=console
time="2025-04-23T17:22:37+08:00" level=info msg="CSV_LINE:batch0002@batch.com.tw,測零零零二,276833,d114035d-87f3-4184-9df0-8a4775cbe1e4,N/A,20250423 17:22:37,101.397,N/A,add API validation failed: 活動不是發佈狀態" source=console
time="2025-04-23T17:22:37+08:00" level=info msg="Processing global index: 2 of 5000 at 20250423 17:22:37" source=console
time="2025-04-23T17:22:37+08:00" level=info msg="CSV_LINE:batch1502@batch.com.tw,測一五零二,273325,27d638f7-f9ef-4e19-ae48-622e663d678b,N/A,20250423 17:22:37,91.321,N/A,add API validation failed: 活動不是發佈狀態" source=console
time="2025-04-23T17:22:37+08:00" level=info msg="Processing global index: 1502 of 5000 at 20250423 17:22:37" source=console
time="2025-04-23T17:22:37+08:00" level=info msg="CSV_LINE:batch4002@batch.com.tw,測四零零二,275825,b9e5091c-c44d-4550-8384-29822308a0a0,N/A,20250423 17:22:37,114.186,N/A,add API validation failed: 活動不是發佈狀態" source=console
time="2025-04-23T17:22:37+08:00" level=info msg="CSV_LINE:batch3002@batch.com.tw,測三零零二,274825,f64f7124-602c-4217-9f03-c20da369e2db,N/A,20250423 17:22:37,114.719,N/A,add API validation failed: 活動不是發佈狀態" source=console
time="2025-04-23T17:22:37+08:00" level=info msg="Processing global index: 3002 of 5000 at 20250423 17:22:37" source=console
time="2025-04-23T17:22:37+08:00" level=info msg="CSV_LINE:batch2002@batch.com.tw,測二零零二,273825,1901c0e4-ea64-4e0b-b79c-e18d5305d395,N/A,20250423 17:22:37,114.253,N/A,add API validation failed: 活動不是發佈狀態" source=console
time="2025-04-23T17:22:37+08:00" level=info msg="CSV_LINE:batch4502@batch.com.tw,測四五零二,276325,54096b1b-a3c5-4fc3-ac18-100ccc8e413a,N/A,20250423 17:22:37,113.634,N/A,add API validation failed: 活動不是發佈狀態" source=console
time="2025-04-23T17:22:37+08:00" level=info msg="Processing global index: 4002 of 5000 at 20250423 17:22:37" source=console
time="2025-04-23T17:22:37+08:00" level=info msg="Processing global index: 2002 of 5000 at 20250423 17:22:37" source=console
time="2025-04-23T17:22:37+08:00" level=info msg="Processing global index: 4502 of 5000 at 20250423 17:22:37" source=console
time="2025-04-23T17:22:37+08:00" level=info msg="CSV_LINE:batch1503@batch.com.tw,測一五零三,273326,38d99c32-14c0-467b-8010-28e757b183d1,N/A,20250423 17:22:37,115.185,N/A,add API validation failed: 活動不是發佈狀態" source=console
time="2025-04-23T17:22:37+08:00" level=info msg="Processing global index: 1503 of 5000 at 20250423 17:22:37" source=console
time="2025-04-23T17:22:37+08:00" level=info msg="CSV_LINE:batch3003@batch.com.tw,測三零零三,274826,04d9c5d3-e5e5-4e83-8842-3ee9e4753921,N/A,20250423 17:22:37,103.315,N/A,add API validation failed: 活動不是發佈狀態" source=console
time="2025-04-23T17:22:37+08:00" level=info msg="Processing global index: 3003 of 5000 at 20250423 17:22:37" source=console
time="2025-04-23T17:22:37+08:00" level=info msg="CSV_LINE:batch4503@batch.com.tw,測四五零三,276326,dc645c0b-5181-4e86-9c1e-ad434a7815ef,N/A,20250423 17:22:37,103.462,N/A,add API validation failed: 活動不是發佈狀態" source=console
time="2025-04-23T17:22:37+08:00" level=info msg="Processing global index: 4503 of 5000 at 20250423 17:22:37" source=console
time="2025-04-23T17:22:37+08:00" level=info msg="CSV_LINE:batch2003@batch.com.tw,測二零零三,273826,581a884f-d5ea-4c6d-9941-8274ab8a1569,N/A,20250423 17:22:37,103.142,N/A,add API validation failed: 活動不是發佈狀態" source=console
time="2025-04-23T17:22:37+08:00" level=info msg="Processing global index: 2003 of 5000 at 20250423 17:22:37" source=console
time="2025-04-23T17:22:37+08:00" level=info msg="CSV_LINE:batch1003@batch.com.tw,測一零零三,272826,47ac9d3f-a297-447b-940e-79f8467be443,N/A,20250423 17:22:37,168.511,N/A,add API validation failed: 活動不是發佈狀態" source=console
time="2025-04-23T17:22:37+08:00" level=info msg="Processing global index: 1003 of 5000 at 20250423 17:22:37" source=console
time="2025-04-23T17:22:37+08:00" level=info msg="CSV_LINE:batch3503@batch.com.tw,測三五零三,275326,a1713b05-3944-468b-8841-99fc3959ef75,N/A,20250423 17:22:37,168.55,N/A,add API validation failed: 活動不是發佈狀態" source=console
time="2025-04-23T17:22:37+08:00" level=info msg="Processing global index: 3503 of 5000 at 20250423 17:22:37" source=console
time="2025-04-23T17:22:37+08:00" level=info msg="CSV_LINE:batch2503@batch.com.tw,測二五零三,274326,9d19440f-a8bb-44e2-be2e-a8b808428f85,N/A,20250423 17:22:37,168.282,N/A,add API validation failed: 活動不是發佈狀態" source=console
time="2025-04-23T17:22:37+08:00" level=info msg="Processing global index: 2503 of 5000 at 20250423 17:22:37" source=console
time="2025-04-23T17:22:37+08:00" level=info msg="CSV_LINE:batch0003@batch.com.tw,測零零零三,271826,8d85ebf4-e927-4a9b-9a40-dcdb91521fd0,N/A,20250423 17:22:37,168.015,N/A,add API validation failed: 活動不是發佈狀態" source=console
time="2025-04-23T17:22:37+08:00" level=info msg="Processing global index: 3 of 5000 at 20250423 17:22:37" source=console
time="2025-04-23T17:22:37+08:00" level=info msg="CSV_LINE:batch4003@batch.com.tw,測四零零三,275826,495b420c-1fe1-4f9a-8deb-d3780a36d695,N/A,20250423 17:22:37,154.757,N/A,add API validation failed: 活動不是發佈狀態" source=console
time="2025-04-23T17:22:37+08:00" level=info msg="Processing global index: 4003 of 5000 at 20250423 17:22:37" source=console
time="2025-04-23T17:22:37+08:00" level=info msg="CSV_LINE:batch1504@batch.com.tw,測一五零四,273327,c9b6398e-eceb-4d5d-a65f-fefe9945787e,N/A,20250423 17:22:37,105.21,N/A,add API validation failed: 活動不是發佈狀態" source=console
time="2025-04-23T17:22:37+08:00" level=info msg="Processing global index: 1504 of 5000 at 20250423 17:22:37" source=console
time="2025-04-23T17:22:37+08:00" level=info msg="CSV_LINE:batch3004@batch.com.tw,測三零零四,274827,9af343e3-26f5-42c0-85af-5a5defcda747,N/A,20250423 17:22:37,104.668,N/A,add API validation failed: 活動不是發佈狀態" source=console
time="2025-04-23T17:22:37+08:00" level=info msg="Processing global index: 3004 of 5000 at 20250423 17:22:37" source=console
time="2025-04-23T17:22:37+08:00" level=info msg="CSV_LINE:batch2004@batch.com.tw,測二零零四,273827,a5d00f8c-1af8-477d-a269-fc63e4aca8a8,N/A,20250423 17:22:37,103.837,N/A,add API validation failed: 活動不是發佈狀態" source=console
time="2025-04-23T17:22:37+08:00" level=info msg="Processing global index: 2004 of 5000 at 20250423 17:22:37" source=console
time="2025-04-23T17:22:37+08:00" level=info msg="CSV_LINE:batch4504@batch.com.tw,測四五零四,276327,4d7b8124-bb51-446c-b1ea-d945afdb44d8,N/A,20250423 17:22:37,103.952,N/A,add API validation failed: 活動不是發佈狀態" source=console
time="2025-04-23T17:22:37+08:00" level=info msg="Processing global index: 4504 of 5000 at 20250423 17:22:37" source=console
time="2025-04-23T17:22:37+08:00" level=info msg="CSV_LINE:batch0501@batch.com.tw,測零五零一,272324,682b5af4-d5be-4b8a-adaf-0e325671244a,N/A,20250423 17:22:36,509.33,N/A,add API validation failed: 活動不是發佈狀態" source=console
time="2025-04-23T17:22:37+08:00" level=info msg="Processing global index: 501 of 5000 at 20250423 17:22:37" source=console
time="2025-04-23T17:22:37+08:00" level=info msg="CSV_LINE:batch1004@batch.com.tw,測一零零四,272827,17c0c628-afac-4e21-a46f-9afa443607d2,N/A,20250423 17:22:37,155.177,N/A,add API validation failed: 活動不是發佈狀態" source=console
time="2025-04-23T17:22:37+08:00" level=info msg="CSV_LINE:batch3504@batch.com.tw,測三五零四,275327,e3b68427-9f9f-494c-9b0e-5687a1aa083b,N/A,20250423 17:22:37,153.892,N/A,add API validation failed: 活動不是發佈狀態" source=console
time="2025-04-23T17:22:37+08:00" level=info msg="Processing global index: 1004 of 5000 at 20250423 17:22:37" source=console
time="2025-04-23T17:22:37+08:00" level=info msg="CSV_LINE:batch0004@batch.com.tw,測零零零四,271827,2cb9a85e-1291-4eae-855f-90a04254878b,N/A,20250423 17:22:37,153.277,N/A,add API validation failed: 活動不是發佈狀態" source=console
time="2025-04-23T17:22:37+08:00" level=info msg="CSV_LINE:batch4004@batch.com.tw,測四零零四,275827,c2240146-bf6e-471c-9936-589e457cb653,N/A,20250423 17:22:37,150.779,N/A,add API validation failed: 活動不是發佈狀態" source=console
time="2025-04-23T17:22:37+08:00" level=info msg="Processing global index: 3504 of 5000 at 20250423 17:22:37" source=console
time="2025-04-23T17:22:37+08:00" level=info msg="CSV_LINE:batch2504@batch.com.tw,測二五零四,274327,ae292c3f-d358-48f5-8ae6-c23d6840ec1c,N/A,20250423 17:22:37,153.554,N/A,add API validation failed: 活動不是發佈狀態" source=console
time="2025-04-23T17:22:37+08:00" level=info msg="Processing global index: 4004 of 5000 at 20250423 17:22:37" source=console
time="2025-04-23T17:22:37+08:00" level=info msg="Processing global index: 4 of 5000 at 20250423 17:22:37" source=console
time="2025-04-23T17:22:37+08:00" level=info msg="Processing global index: 2504 of 5000 at 20250423 17:22:37" source=console
time="2025-04-23T17:22:37+08:00" level=info msg="CSV_LINE:batch1505@batch.com.tw,測一五零五,273328,a0acacb2-e05e-4db4-bbde-faaadd13ec00,N/A,20250423 17:22:37,175.86,N/A,add API validation failed: 活動不是發佈狀態" source=console
time="2025-04-23T17:22:37+08:00" level=info msg="Processing global index: 1505 of 5000 at 20250423 17:22:37" source=console
time="2025-04-23T17:22:37+08:00" level=info msg="CSV_LINE:batch4505@batch.com.tw,測四五零五,276328,4d1f1776-535c-4fb8-8044-3304af0096c4,N/A,20250423 17:22:37,175.013,N/A,add API validation failed: 活動不是發佈狀態" source=console
time="2025-04-23T17:22:37+08:00" level=info msg="Processing global index: 4505 of 5000 at 20250423 17:22:37" source=console
time="2025-04-23T17:22:37+08:00" level=info msg="CSV_LINE:batch2005@batch.com.tw,測二零零五,273828,c41ef3a3-f64c-4789-9519-33e5d467a33d,N/A,20250423 17:22:37,183.558,N/A,add API validation failed: 活動不是發佈狀態" source=console
time="2025-04-23T17:22:37+08:00" level=info msg="CSV_LINE:batch3005@batch.com.tw,測三零零五,274828,4b55f098-cbd8-499e-9f5b-e7d6147af490,N/A,20250423 17:22:37,183.7,N/A,add API validation failed: 活動不是發佈狀態" source=console
time="2025-04-23T17:22:37+08:00" level=info msg="Processing global index: 2005 of 5000 at 20250423 17:22:37" source=console
time="2025-04-23T17:22:37+08:00" level=info msg="Processing global index: 3005 of 5000 at 20250423 17:22:37" source=console
time="2025-04-23T17:22:37+08:00" level=info msg="CSV_LINE:batch0502@batch.com.tw,測零五零二,272325,fe91d752-6243-4643-8662-d8e39330892c,N/A,20250423 17:22:37,178.942,N/A,add API validation failed: 活動不是發佈狀態" source=console
time="2025-04-23T17:22:37+08:00" level=info msg="Processing global index: 502 of 5000 at 20250423 17:22:37" source=console
time="2025-04-23T17:22:37+08:00" level=info msg="CSV_LINE:batch1005@batch.com.tw,測一零零五,272828,5b0724da-9267-4f35-a176-0a3258887851,N/A,20250423 17:22:37,100.36,N/A,add API validation failed: 活動不是發佈狀態" source=console
time="2025-04-23T17:22:37+08:00" level=info msg="Processing global index: 1005 of 5000 at 20250423 17:22:37" source=console
time="2025-04-23T17:22:37+08:00" level=info msg="CSV_LINE:batch3505@batch.com.tw,測三五零五,275328,9eb6b1c4-6ce1-4253-87d4-4929c9e77097,N/A,20250423 17:22:37,100.503,N/A,add API validation failed: 活動不是發佈狀態" source=console
time="2025-04-23T17:22:37+08:00" level=info msg="Processing global index: 3505 of 5000 at 20250423 17:22:37" source=console
time="2025-04-23T17:22:37+08:00" level=info msg="CSV_LINE:batch4005@batch.com.tw,測四零零五,275828,8efb9198-0514-44b7-8ec5-88dee9a14311,N/A,20250423 17:22:37,105.506,N/A,add API validation failed: 活動不是發佈狀態" source=console
time="2025-04-23T17:22:37+08:00" level=info msg="Processing global index: 4005 of 5000 at 20250423 17:22:37" source=console
time="2025-04-23T17:22:37+08:00" level=info msg="CSV_LINE:batch1506@batch.com.tw,測一五零六,273329,f25ddca2-4d6b-48d3-b0d2-77ee6bfd9109,N/A,20250423 17:22:37,102.099,N/A,add API validation failed: 活動不是發佈狀態" source=console
time="2025-04-23T17:22:37+08:00" level=info msg="Processing global index: 1506 of 5000 at 20250423 17:22:37" source=console
time="2025-04-23T17:22:37+08:00" level=info msg="CSV_LINE:batch3506@batch.com.tw,測三五零六,275329,3e5c1fa8-6fe7-4511-be07-5674ff0cd640,N/A,20250423 17:22:37,80.223,N/A,add API validation failed: 活動不是發佈狀態" source=console
time="2025-04-23T17:22:37+08:00" level=info msg="Processing global index: 3506 of 5000 at 20250423 17:22:37" source=console
time="2025-04-23T17:22:37+08:00" level=info msg="CSV_LINE:batch1006@batch.com.tw,測一零零六,272829,451618d4-47c9-4f87-bc75-640ca2d145ce,N/A,20250423 17:22:37,81.785,N/A,add API validation failed: 活動不是發佈狀態" source=console
time="2025-04-23T17:22:37+08:00" level=info msg="Processing global index: 1006 of 5000 at 20250423 17:22:37" source=console

running (0h00m01.0s), 10/10 VUs, 48 complete and 0 interrupted iterations
test   [   1% ] 10 VUs  0h00m01.0s/1h0m0s  0048/5000 iters, 500 per VU
time="2025-04-23T17:22:37+08:00" level=info msg="CSV_LINE:batch0503@batch.com.tw,測零五零三,272326,de068792-ff33-4cd0-9c00-fa47e08275fb,N/A,20250423 17:22:37,150.988,N/A,add API validation failed: 活動不是發佈狀態" source=console
time="2025-04-23T17:22:37+08:00" level=info msg="CSV_LINE:batch4506@batch.com.tw,測四五零六,276329,d4f51053-1b0e-46ce-9bcc-aabdd3ce6a52,N/A,20250423 17:22:37,172.77,N/A,add API validation failed: 活動不是發佈狀態" source=console
time="2025-04-23T17:22:37+08:00" level=info msg="CSV_LINE:batch2006@batch.com.tw,測二零零六,273829,cffcd10a-cdba-4ef3-bf92-58de457735fc,N/A,20250423 17:22:37,164.257,N/A,add API validation failed: 活動不是發佈狀態" source=console
time="2025-04-23T17:22:37+08:00" level=info msg="CSV_LINE:batch3006@batch.com.tw,測三零零六,274829,95172f71-8070-4c24-9cfd-6f14b9ef4b49,N/A,20250423 17:22:37,164.282,N/A,add API validation failed: 活動不是發佈狀態" source=console
time="2025-04-23T17:22:37+08:00" level=info msg="Processing global index: 4506 of 5000 at 20250423 17:22:37" source=console
time="2025-04-23T17:22:37+08:00" level=info msg="Processing global index: 3006 of 5000 at 20250423 17:22:37" source=console
time="2025-04-23T17:22:37+08:00" level=info msg="Processing global index: 503 of 5000 at 20250423 17:22:37" source=console
time="2025-04-23T17:22:37+08:00" level=info msg="CSV_LINE:batch4006@batch.com.tw,測四零零六,275829,22619707-4116-4aec-b1b6-4685f16acad7,N/A,20250423 17:22:37,144.293,N/A,add API validation failed: 活動不是發佈狀態" source=console
time="2025-04-23T17:22:37+08:00" level=info msg="Processing global index: 2006 of 5000 at 20250423 17:22:37" source=console
time="2025-04-23T17:22:37+08:00" level=info msg="Processing global index: 4006 of 5000 at 20250423 17:22:37" source=console
time="2025-04-23T17:22:37+08:00" level=info msg="CSV_LINE:batch1007@batch.com.tw,測一零零七,272830,c504c1c0-5042-4f6c-8f0e-565a1f81b4e2,N/A,20250423 17:22:37,92.372,N/A,add API validation failed: 活動不是發佈狀態" source=console
time="2025-04-23T17:22:37+08:00" level=info msg="Processing global index: 1007 of 5000 at 20250423 17:22:37" source=console
time="2025-04-23T17:22:37+08:00" level=info msg="CSV_LINE:batch1507@batch.com.tw,測一五零七,273330,010c28d4-9ad6-4504-bcd1-9f069d182ff2,N/A,20250423 17:22:37,95.962,N/A,add API validation failed: 活動不是發佈狀態" source=console
time="2025-04-23T17:22:37+08:00" level=info msg="CSV_LINE:batch3507@batch.com.tw,測三五零七,275330,be1a0e16-56e5-4a02-911d-67defd4d94ce,N/A,20250423 17:22:37,94.144,N/A,add API validation failed: 活動不是發佈狀態" source=console
time="2025-04-23T17:22:37+08:00" level=info msg="Processing global index: 1507 of 5000 at 20250423 17:22:37" source=console
time="2025-04-23T17:22:37+08:00" level=info msg="Processing global index: 3507 of 5000 at 20250423 17:22:37" source=console
time="2025-04-23T17:22:37+08:00" level=info msg="CSV_LINE:batch4007@batch.com.tw,測四零零七,275830,d81874a4-f09b-4170-9be9-434d748822e9,N/A,20250423 17:22:37,67.397,N/A,add API validation failed: 活動不是發佈狀態" source=console
time="2025-04-23T17:22:37+08:00" level=info msg="Processing global index: 4007 of 5000 at 20250423 17:22:37" source=console
time="2025-04-23T17:22:37+08:00" level=info msg="CSV_LINE:batch4507@batch.com.tw,測四五零七,276330,c004aed0-96f4-4460-a7e5-54a2e04cdfe6,N/A,20250423 17:22:37,115.027,N/A,add API validation failed: 活動不是發佈狀態" source=console
time="2025-04-23T17:22:37+08:00" level=info msg="Processing global index: 4507 of 5000 at 20250423 17:22:37" source=console
time="2025-04-23T17:22:37+08:00" level=info msg="CSV_LINE:batch2007@batch.com.tw,測二零零七,273830,dcf7ff46-f8f6-4214-95f3-1406ca2cc8f3,N/A,20250423 17:22:37,115.439,N/A,add API validation failed: 活動不是發佈狀態" source=console
time="2025-04-23T17:22:37+08:00" level=info msg="Processing global index: 2007 of 5000 at 20250423 17:22:37" source=console
time="2025-04-23T17:22:37+08:00" level=info msg="CSV_LINE:batch3007@batch.com.tw,測三零零七,274830,c6487f35-d423-4be8-a9ad-8af22087c095,N/A,20250423 17:22:37,116.503,N/A,add API validation failed: 活動不是發佈狀態" source=console
time="2025-04-23T17:22:37+08:00" level=info msg="Processing global index: 3007 of 5000 at 20250423 17:22:37" source=console
time="2025-04-23T17:22:37+08:00" level=info msg="CSV_LINE:batch0504@batch.com.tw,測零五零四,272327,dc0b1ee0-a028-404c-bbaf-b3df64c344e4,N/A,20250423 17:22:37,119.176,N/A,add API validation failed: 活動不是發佈狀態" source=console
time="2025-04-23T17:22:37+08:00" level=info msg="Processing global index: 504 of 5000 at 20250423 17:22:37" source=console
time="2025-04-23T17:22:37+08:00" level=info msg="CSV_LINE:batch1008@batch.com.tw,測一零零八,272831,a38e4ed0-fe05-4c2d-946c-4daafc918623,N/A,20250423 17:22:37,98.984,N/A,add API validation failed: 活動不是發佈狀態" source=console
time="2025-04-23T17:22:37+08:00" level=info msg="Processing global index: 1008 of 5000 at 20250423 17:22:37" source=console
time="2025-04-23T17:22:37+08:00" level=info msg="CSV_LINE:batch1508@batch.com.tw,測一五零八,273331,df1e5d63-7308-4bb9-a30b-6dbac809bda5,N/A,20250423 17:22:37,99.181,N/A,add API validation failed: 活動不是發佈狀態" source=console
time="2025-04-23T17:22:37+08:00" level=info msg="Processing global index: 1508 of 5000 at 20250423 17:22:37" source=console
time="2025-04-23T17:22:37+08:00" level=info msg="CSV_LINE:batch3508@batch.com.tw,測三五零八,275331,35be3e29-eca6-4b4f-b140-f4effa20037a,N/A,20250423 17:22:37,100.108,N/A,add API validation failed: 活動不是發佈狀態" source=console
time="2025-04-23T17:22:37+08:00" level=info msg="Processing global index: 3508 of 5000 at 20250423 17:22:37" source=console
time="2025-04-23T17:22:37+08:00" level=info msg="CSV_LINE:batch4008@batch.com.tw,測四零零八,275831,3fca84f6-2cd5-42e8-b34f-e17f51d52c06,N/A,20250423 17:22:37,63.759,N/A,add API validation failed: 活動不是發佈狀態" source=console
time="2025-04-23T17:22:37+08:00" level=info msg="Processing global index: 4008 of 5000 at 20250423 17:22:37" source=console
time="2025-04-23T17:22:37+08:00" level=info msg="CSV_LINE:batch2505@batch.com.tw,測二五零五,274328,80340c7e-3c1b-4398-8803-5188ed1f1033,N/A,20250423 17:22:37,388.945,N/A,add API validation failed: 活動不是發佈狀態" source=console
time="2025-04-23T17:22:37+08:00" level=info msg="Processing global index: 2505 of 5000 at 20250423 17:22:37" source=console
time="2025-04-23T17:22:37+08:00" level=info msg="CSV_LINE:batch0005@batch.com.tw,測零零零五,271828,e0e63cac-150f-4fc2-9fad-1d5757a57387,N/A,20250423 17:22:37,446.898,N/A,add API validation failed: 活動不是發佈狀態" source=console
time="2025-04-23T17:22:37+08:00" level=info msg="Processing global index: 5 of 5000 at 20250423 17:22:37" source=console
time="2025-04-23T17:22:38+08:00" level=info msg="CSV_LINE:batch3008@batch.com.tw,測三零零八,274831,d997c649-acb5-4c71-885d-5369e9c3c7a3,N/A,20250423 17:22:37,187.853,N/A,add API validation failed: 活動不是發佈狀態" source=console
time="2025-04-23T17:22:38+08:00" level=info msg="Processing global index: 3008 of 5000 at 20250423 17:22:38" source=console
time="2025-04-23T17:22:38+08:00" level=info msg="CSV_LINE:batch2008@batch.com.tw,測二零零八,273831,cc13fdcd-1400-481d-ab5f-9c599d55ab6c,N/A,20250423 17:22:37,195.999,N/A,add API validation failed: 活動不是發佈狀態" source=console
time="2025-04-23T17:22:38+08:00" level=info msg="CSV_LINE:batch4508@batch.com.tw,測四五零八,276331,0cd14bb8-86a7-4a60-8ce2-405ca069b672,N/A,20250423 17:22:37,196.421,N/A,add API validation failed: 活動不是發佈狀態" source=console
time="2025-04-23T17:22:38+08:00" level=info msg="Processing global index: 2008 of 5000 at 20250423 17:22:38" source=console
time="2025-04-23T17:22:38+08:00" level=info msg="Processing global index: 4508 of 5000 at 20250423 17:22:38" source=console
time="2025-04-23T17:22:38+08:00" level=info msg="CSV_LINE:batch1009@batch.com.tw,測一零零九,272832,5fec42dd-1f64-49a9-8134-e44c341aa268,N/A,20250423 17:22:37,187.914,N/A,add API validation failed: 活動不是發佈狀態" source=console
time="2025-04-23T17:22:38+08:00" level=info msg="Processing global index: 1009 of 5000 at 20250423 17:22:38" source=console
time="2025-04-23T17:22:38+08:00" level=info msg="CSV_LINE:batch4009@batch.com.tw,測四零零九,275832,d42157ab-d84b-4db2-aee7-a36334e6c6dd,N/A,20250423 17:22:37,180.092,N/A,add API validation failed: 活動不是發佈狀態" source=console
time="2025-04-23T17:22:38+08:00" level=info msg="CSV_LINE:batch0505@batch.com.tw,測零五零五,272328,739656c2-8aab-4879-8c31-85096bf9746f,N/A,20250423 17:22:37,192.329,N/A,add API validation failed: 活動不是發佈狀態" source=console
time="2025-04-23T17:22:38+08:00" level=info msg="CSV_LINE:batch1509@batch.com.tw,測一五零九,273332,894cab18-1441-4928-857c-5f58dd636391,N/A,20250423 17:22:37,187.603,N/A,add API validation failed: 活動不是發佈狀態" source=console
time="2025-04-23T17:22:38+08:00" level=info msg="CSV_LINE:batch3509@batch.com.tw,測三五零九,275332,f70425a2-275b-46c9-aced-535b17338757,N/A,20250423 17:22:37,186.3,N/A,add API validation failed: 活動不是發佈狀態" source=console
time="2025-04-23T17:22:38+08:00" level=info msg="Processing global index: 505 of 5000 at 20250423 17:22:38" source=console
time="2025-04-23T17:22:38+08:00" level=info msg="Processing global index: 3509 of 5000 at 20250423 17:22:38" source=console
time="2025-04-23T17:22:38+08:00" level=info msg="CSV_LINE:batch2506@batch.com.tw,測二五零六,274329,92752c9c-0c90-41e9-bb74-0cd81fae0bb1,N/A,20250423 17:22:37,173.11,N/A,add API validation failed: 活動不是發佈狀態" source=console
time="2025-04-23T17:22:38+08:00" level=info msg="Processing global index: 1509 of 5000 at 20250423 17:22:38" source=console
time="2025-04-23T17:22:38+08:00" level=info msg="Processing global index: 4009 of 5000 at 20250423 17:22:38" source=console
time="2025-04-23T17:22:38+08:00" level=info msg="Processing global index: 2506 of 5000 at 20250423 17:22:38" source=console
time="2025-04-23T17:22:38+08:00" level=info msg="CSV_LINE:batch0006@batch.com.tw,測零零零六,271829,332aff8f-c4d5-4c4b-9b84-f6229559c9d2,N/A,20250423 17:22:37,121.468,N/A,add API validation failed: 活動不是發佈狀態" source=console
time="2025-04-23T17:22:38+08:00" level=info msg="Processing global index: 6 of 5000 at 20250423 17:22:38" source=console
time="2025-04-23T17:22:38+08:00" level=info msg="CSV_LINE:batch3009@batch.com.tw,測三零零九,274832,86c6e7f3-652a-4ee9-8c0e-187c134c52bc,N/A,20250423 17:22:38,133.44,N/A,add API validation failed: 活動不是發佈狀態" source=console
time="2025-04-23T17:22:38+08:00" level=info msg="Processing global index: 3009 of 5000 at 20250423 17:22:38" source=console
time="2025-04-23T17:22:38+08:00" level=info msg="CSV_LINE:batch1010@batch.com.tw,測一零一零,272833,6be41a4f-f191-4402-9aeb-e9d9528c9220,N/A,20250423 17:22:38,129.307,N/A,add API validation failed: 活動不是發佈狀態" source=console
time="2025-04-23T17:22:38+08:00" level=info msg="Processing global index: 1010 of 5000 at 20250423 17:22:38" source=console
time="2025-04-23T17:22:38+08:00" level=info msg="CSV_LINE:batch2507@batch.com.tw,測二五零七,274330,c6f7f09b-3f2c-419c-99b8-ba5aa9067327,N/A,20250423 17:22:38,126.114,N/A,add API validation failed: 活動不是發佈狀態" source=console
time="2025-04-23T17:22:38+08:00" level=info msg="CSV_LINE:batch3510@batch.com.tw,測三五一零,275333,288f66b5-cf45-447e-a575-a0eb9d891ae3,N/A,20250423 17:22:38,126.9,N/A,add API validation failed: 活動不是發佈狀態" source=console
time="2025-04-23T17:22:38+08:00" level=info msg="Processing global index: 2507 of 5000 at 20250423 17:22:38" source=console
time="2025-04-23T17:22:38+08:00" level=info msg="Processing global index: 3510 of 5000 at 20250423 17:22:38" source=console
time="2025-04-23T17:22:38+08:00" level=info msg="CSV_LINE:batch0007@batch.com.tw,測零零零七,271830,46a61235-bd0b-4712-a93f-33ace07e6a2e,N/A,20250423 17:22:38,125.069,N/A,add API validation failed: 活動不是發佈狀態" source=console
time="2025-04-23T17:22:38+08:00" level=info msg="Processing global index: 7 of 5000 at 20250423 17:22:38" source=console
time="2025-04-23T17:22:38+08:00" level=info msg="CSV_LINE:batch2009@batch.com.tw,測二零零九,273832,4dfd4aad-96f1-480b-92ad-91fac1581071,N/A,20250423 17:22:38,199.516,N/A,add API validation failed: 活動不是發佈狀態" source=console
time="2025-04-23T17:22:38+08:00" level=info msg="Processing global index: 2009 of 5000 at 20250423 17:22:38" source=console
time="2025-04-23T17:22:38+08:00" level=info msg="CSV_LINE:batch4509@batch.com.tw,測四五零九,276332,c0c0fc56-d99b-4ad8-b7fa-8acd257e5942,N/A,20250423 17:22:38,204.198,N/A,add API validation failed: 活動不是發佈狀態" source=console
time="2025-04-23T17:22:38+08:00" level=info msg="CSV_LINE:batch4010@batch.com.tw,測四零一零,275833,1c38cc38-4ff7-461c-a32b-0eef92a20e99,N/A,20250423 17:22:38,199.44,N/A,add API validation failed: 活動不是發佈狀態" source=console
time="2025-04-23T17:22:38+08:00" level=info msg="CSV_LINE:batch1510@batch.com.tw,測一五一零,273333,e1ed79c4-774f-42cb-bae6-5c25ca529eae,N/A,20250423 17:22:38,200.053,N/A,add API validation failed: 活動不是發佈狀態" source=console
time="2025-04-23T17:22:38+08:00" level=info msg="Processing global index: 4010 of 5000 at 20250423 17:22:38" source=console
time="2025-04-23T17:22:38+08:00" level=info msg="Processing global index: 4509 of 5000 at 20250423 17:22:38" source=console
time="2025-04-23T17:22:38+08:00" level=info msg="Processing global index: 1510 of 5000 at 20250423 17:22:38" source=console
time="2025-04-23T17:22:38+08:00" level=info msg="CSV_LINE:batch0506@batch.com.tw,測零五零六,272329,5dff4065-e771-4c38-9b95-719ef260da39,N/A,20250423 17:22:38,200.113,N/A,add API validation failed: 活動不是發佈狀態" source=console
time="2025-04-23T17:22:38+08:00" level=info msg="Processing global index: 506 of 5000 at 20250423 17:22:38" source=console
time="2025-04-23T17:22:38+08:00" level=info msg="CSV_LINE:batch3010@batch.com.tw,測三零一零,274833,58aa8efc-61eb-4219-8cad-7825aaa67e1b,N/A,20250423 17:22:38,117.628,N/A,add API validation failed: 活動不是發佈狀態" source=console
time="2025-04-23T17:22:38+08:00" level=info msg="Processing global index: 3010 of 5000 at 20250423 17:22:38" source=console
time="2025-04-23T17:22:38+08:00" level=info msg="CSV_LINE:batch3511@batch.com.tw,測三五一一,275334,e73b2526-b122-426b-80bc-80510d2ca5b0,N/A,20250423 17:22:38,115.162,N/A,add API validation failed: 活動不是發佈狀態" source=console
time="2025-04-23T17:22:38+08:00" level=info msg="Processing global index: 3511 of 5000 at 20250423 17:22:38" source=console
time="2025-04-23T17:22:38+08:00" level=info msg="CSV_LINE:batch1011@batch.com.tw,測一零一一,272834,f8eadc75-3efa-422f-b683-2ab8c135e34a,N/A,20250423 17:22:38,119.913,N/A,add API validation failed: 活動不是發佈狀態" source=console
time="2025-04-23T17:22:38+08:00" level=info msg="CSV_LINE:batch0008@batch.com.tw,測零零零八,271831,9fa44085-bfd1-4c42-9547-39bb3f93dfda,N/A,20250423 17:22:38,118.124,N/A,add API validation failed: 活動不是發佈狀態" source=console
time="2025-04-23T17:22:38+08:00" level=info msg="Processing global index: 1011 of 5000 at 20250423 17:22:38" source=console
time="2025-04-23T17:22:38+08:00" level=info msg="Processing global index: 8 of 5000 at 20250423 17:22:38" source=console
time="2025-04-23T17:22:38+08:00" level=info msg="CSV_LINE:batch2508@batch.com.tw,測二五零八,274331,25d8c67c-308d-4ead-925a-e821a507084a,N/A,20250423 17:22:38,145.654,N/A,add API validation failed: 活動不是發佈狀態" source=console
time="2025-04-23T17:22:38+08:00" level=info msg="Processing global index: 2508 of 5000 at 20250423 17:22:38" source=console
time="2025-04-23T17:22:38+08:00" level=info msg="CSV_LINE:batch4011@batch.com.tw,測四零一一,275834,40490b45-dc7b-4124-a471-e159451a248f,N/A,20250423 17:22:38,186.182,N/A,add API validation failed: 活動不是發佈狀態" source=console
time="2025-04-23T17:22:38+08:00" level=info msg="Processing global index: 4011 of 5000 at 20250423 17:22:38" source=console
time="2025-04-23T17:22:38+08:00" level=info msg="CSV_LINE:batch2010@batch.com.tw,測二零一零,273833,cf081fed-fd83-48a2-afc1-eaf656e8accc,N/A,20250423 17:22:38,193.437,N/A,add API validation failed: 活動不是發佈狀態" source=console
time="2025-04-23T17:22:38+08:00" level=info msg="Processing global index: 2010 of 5000 at 20250423 17:22:38" source=console
time="2025-04-23T17:22:38+08:00" level=info msg="CSV_LINE:batch4510@batch.com.tw,測四五一零,276333,5ab17d80-467e-4d37-9c4b-876da366fa8d,N/A,20250423 17:22:38,190.069,N/A,add API validation failed: 活動不是發佈狀態" source=console
time="2025-04-23T17:22:38+08:00" level=info msg="Processing global index: 4510 of 5000 at 20250423 17:22:38" source=console
time="2025-04-23T17:22:38+08:00" level=info msg="CSV_LINE:batch1511@batch.com.tw,測一五一一,273334,4d4bbbd0-65be-4058-af87-958d2b9cabb0,N/A,20250423 17:22:38,193.085,N/A,add API validation failed: 活動不是發佈狀態" source=console
time="2025-04-23T17:22:38+08:00" level=info msg="CSV_LINE:batch3011@batch.com.tw,測三零一一,274834,de6761c9-720c-408b-bcf5-7d24752ffd51,N/A,20250423 17:22:38,152.006,N/A,add API validation failed: 活動不是發佈狀態" source=console
time="2025-04-23T17:22:38+08:00" level=info msg="CSV_LINE:batch0507@batch.com.tw,測零五零七,272330,2c5e96f3-3ec1-44a5-9397-c0e2a08651db,N/A,20250423 17:22:38,193.103,N/A,add API validation failed: 活動不是發佈狀態" source=console
time="2025-04-23T17:22:38+08:00" level=info msg="Processing global index: 1511 of 5000 at 20250423 17:22:38" source=console
time="2025-04-23T17:22:38+08:00" level=info msg="Processing global index: 507 of 5000 at 20250423 17:22:38" source=console
time="2025-04-23T17:22:38+08:00" level=info msg="Processing global index: 3011 of 5000 at 20250423 17:22:38" source=console
time="2025-04-23T17:22:38+08:00" level=info msg="CSV_LINE:batch3512@batch.com.tw,測三五一二,275335,167635a7-1454-4ddf-91a7-57ceae5c180c,N/A,20250423 17:22:38,155.354,N/A,add API validation failed: 活動不是發佈狀態" source=console
time="2025-04-23T17:22:38+08:00" level=info msg="Processing global index: 3512 of 5000 at 20250423 17:22:38" source=console
time="2025-04-23T17:22:38+08:00" level=info msg="CSV_LINE:batch2509@batch.com.tw,測二五零九,274332,1db258f6-0107-4e80-b916-fcb2debbc4ba,N/A,20250423 17:22:38,129.657,N/A,add API validation failed: 活動不是發佈狀態" source=console
time="2025-04-23T17:22:38+08:00" level=info msg="CSV_LINE:batch0009@batch.com.tw,測零零零九,271832,ead6c346-c9b0-45be-a613-66e4f9e72e9f,N/A,20250423 17:22:38,156.999,N/A,add API validation failed: 活動不是發佈狀態" source=console
time="2025-04-23T17:22:38+08:00" level=info msg="CSV_LINE:batch1012@batch.com.tw,測一零一二,272835,f6728bed-5773-4ddf-b7f6-65a4d2b62a5c,N/A,20250423 17:22:38,157.274,N/A,add API validation failed: 活動不是發佈狀態" source=console
time="2025-04-23T17:22:38+08:00" level=info msg="Processing global index: 9 of 5000 at 20250423 17:22:38" source=console
time="2025-04-23T17:22:38+08:00" level=info msg="Processing global index: 1012 of 5000 at 20250423 17:22:38" source=console
time="2025-04-23T17:22:38+08:00" level=info msg="Processing global index: 2509 of 5000 at 20250423 17:22:38" source=console
time="2025-04-23T17:22:38+08:00" level=info msg="CSV_LINE:batch4012@batch.com.tw,測四零一二,275835,a6f5fc2f-c90a-4107-bc45-1490a14ff1e9,N/A,20250423 17:22:38,199.516,N/A,add API validation failed: 活動不是發佈狀態" source=console
time="2025-04-23T17:22:38+08:00" level=info msg="Processing global index: 4012 of 5000 at 20250423 17:22:38" source=console
time="2025-04-23T17:22:38+08:00" level=info msg="CSV_LINE:batch2011@batch.com.tw,測二零一一,273834,e4109e78-86bb-4250-afcd-cac5568b41c7,N/A,20250423 17:22:38,204.859,N/A,add API validation failed: 活動不是發佈狀態" source=console
time="2025-04-23T17:22:38+08:00" level=info msg="CSV_LINE:batch2510@batch.com.tw,測二五一零,274333,12c0b9e2-0578-45e3-8542-853b7d49367b,N/A,20250423 17:22:38,189.211,N/A,add API validation failed: 活動不是發佈狀態" source=console
time="2025-04-23T17:22:38+08:00" level=info msg="Processing global index: 2011 of 5000 at 20250423 17:22:38" source=console
time="2025-04-23T17:22:38+08:00" level=info msg="Processing global index: 2510 of 5000 at 20250423 17:22:38" source=console
time="2025-04-23T17:22:38+08:00" level=info msg="CSV_LINE:batch3513@batch.com.tw,測三五一三,275336,c87cdcf5-cb3a-48fe-89c9-14424134d769,N/A,20250423 17:22:38,195.802,N/A,add API validation failed: 活動不是發佈狀態" source=console
time="2025-04-23T17:22:38+08:00" level=info msg="CSV_LINE:batch0508@batch.com.tw,測零五零八,272331,57906f5d-7acf-4ef2-bb50-d5214a537b21,N/A,20250423 17:22:38,200.175,N/A,add API validation failed: 活動不是發佈狀態" source=console
time="2025-04-23T17:22:38+08:00" level=info msg="Processing global index: 3513 of 5000 at 20250423 17:22:38" source=console
time="2025-04-23T17:22:38+08:00" level=info msg="Processing global index: 508 of 5000 at 20250423 17:22:38" source=console
time="2025-04-23T17:22:38+08:00" level=info msg="CSV_LINE:batch4511@batch.com.tw,測四五一一,276334,4fd1c838-2f9d-4bb5-90ab-dc0e452a1d2b,N/A,20250423 17:22:38,204.573,N/A,add API validation failed: 活動不是發佈狀態" source=console
time="2025-04-23T17:22:38+08:00" level=info msg="Processing global index: 4511 of 5000 at 20250423 17:22:38" source=console
time="2025-04-23T17:22:38+08:00" level=info msg="CSV_LINE:batch0010@batch.com.tw,測零零一零,271833,d4e588ca-4aba-4a8b-b67f-b6c3cc75cc63,N/A,20250423 17:22:38,191.279,N/A,add API validation failed: 活動不是發佈狀態" source=console
time="2025-04-23T17:22:38+08:00" level=info msg="CSV_LINE:batch1013@batch.com.tw,測一零一三,272836,3488bb35-217c-4715-b527-1f136bde9581,N/A,20250423 17:22:38,190.679,N/A,add API validation failed: 活動不是發佈狀態" source=console
time="2025-04-23T17:22:38+08:00" level=info msg="Processing global index: 10 of 5000 at 20250423 17:22:38" source=console
time="2025-04-23T17:22:38+08:00" level=info msg="Processing global index: 1013 of 5000 at 20250423 17:22:38" source=console
time="2025-04-23T17:22:38+08:00" level=info msg="CSV_LINE:batch3012@batch.com.tw,測三零一二,274835,b18954e6-c6ca-4a11-9b6a-79bf0bd2a453,N/A,20250423 17:22:38,201.547,N/A,add API validation failed: 活動不是發佈狀態" source=console
time="2025-04-23T17:22:38+08:00" level=info msg="Processing global index: 3012 of 5000 at 20250423 17:22:38" source=console
time="2025-04-23T17:22:38+08:00" level=info msg="CSV_LINE:batch1512@batch.com.tw,測一五一二,273335,8c2d62d5-4212-45d0-912c-7e4b51c1410b,N/A,20250423 17:22:38,201.658,N/A,add API validation failed: 活動不是發佈狀態" source=console
time="2025-04-23T17:22:38+08:00" level=info msg="Processing global index: 1512 of 5000 at 20250423 17:22:38" source=console

running (0h00m02.0s), 10/10 VUs, 112 complete and 0 interrupted iterations
test   [   2% ] 10 VUs  0h00m02.0s/1h0m0s  0112/5000 iters, 500 per VU
time="2025-04-23T17:22:38+08:00" level=info msg="CSV_LINE:batch2511@batch.com.tw,測二五一一,274334,07589870-87bb-4889-815b-56a1e06f59a4,N/A,20250423 17:22:38,104.861,N/A,add API validation failed: 活動不是發佈狀態" source=console
time="2025-04-23T17:22:38+08:00" level=info msg="CSV_LINE:batch4013@batch.com.tw,測四零一三,275836,a49b9bb8-f57e-492c-a7a2-d3d2e54ee823,N/A,20250423 17:22:38,112.338,N/A,add API validation failed: 活動不是發佈狀態" source=console
time="2025-04-23T17:22:38+08:00" level=info msg="Processing global index: 2511 of 5000 at 20250423 17:22:38" source=console
time="2025-04-23T17:22:38+08:00" level=info msg="Processing global index: 4013 of 5000 at 20250423 17:22:38" source=console
time="2025-04-23T17:22:38+08:00" level=info msg="CSV_LINE:batch3514@batch.com.tw,測三五一四,275337,d0fc38ae-3450-4113-a38b-77093d525a83,N/A,20250423 17:22:38,106.608,N/A,add API validation failed: 活動不是發佈狀態" source=console
time="2025-04-23T17:22:38+08:00" level=info msg="CSV_LINE:batch1014@batch.com.tw,測一零一四,272837,5ad76c28-5fd2-4f50-af18-118b11df8d88,N/A,20250423 17:22:38,105.89,N/A,add API validation failed: 活動不是發佈狀態" source=console
time="2025-04-23T17:22:38+08:00" level=info msg="Processing global index: 3514 of 5000 at 20250423 17:22:38" source=console
time="2025-04-23T17:22:38+08:00" level=info msg="Processing global index: 1014 of 5000 at 20250423 17:22:38" source=console
time="2025-04-23T17:22:38+08:00" level=info msg="CSV_LINE:batch1513@batch.com.tw,測一五一三,273336,cee31746-08e8-4b40-b346-a4dd3941ce62,N/A,20250423 17:22:38,105.133,N/A,add API validation failed: 活動不是發佈狀態" source=console
time="2025-04-23T17:22:38+08:00" level=info msg="Processing global index: 1513 of 5000 at 20250423 17:22:38" source=console
time="2025-04-23T17:22:38+08:00" level=info msg="CSV_LINE:batch0509@batch.com.tw,測零五零九,272332,2fe9f6b5-953d-40fc-98cd-d8f5b5d6db11,N/A,20250423 17:22:38,118.514,N/A,add API validation failed: 活動不是發佈狀態" source=console
time="2025-04-23T17:22:38+08:00" level=info msg="Processing global index: 509 of 5000 at 20250423 17:22:38" source=console
time="2025-04-23T17:22:38+08:00" level=info msg="CSV_LINE:batch0011@batch.com.tw,測零零一一,271834,2af676fb-c17e-4fc3-9fc8-59b887ddda34,N/A,20250423 17:22:38,119.674,N/A,add API validation failed: 活動不是發佈狀態" source=console
time="2025-04-23T17:22:38+08:00" level=info msg="Processing global index: 11 of 5000 at 20250423 17:22:38" source=console
time="2025-04-23T17:22:38+08:00" level=info msg="CSV_LINE:batch4512@batch.com.tw,測四五一二,276335,8e4a17a9-a6cf-467d-b1b5-b2598efaa73a,N/A,20250423 17:22:38,120.148,N/A,add API validation failed: 活動不是發佈狀態" source=console
time="2025-04-23T17:22:38+08:00" level=info msg="CSV_LINE:batch2012@batch.com.tw,測二零一二,273835,0a1e0d0e-6426-467d-9999-489423db1f3e,N/A,20250423 17:22:38,120.969,N/A,add API validation failed: 活動不是發佈狀態" source=console
time="2025-04-23T17:22:38+08:00" level=info msg="Processing global index: 4512 of 5000 at 20250423 17:22:38" source=console
time="2025-04-23T17:22:38+08:00" level=info msg="Processing global index: 2012 of 5000 at 20250423 17:22:38" source=console
time="2025-04-23T17:22:38+08:00" level=info msg="CSV_LINE:batch3013@batch.com.tw,測三零一三,274836,01baa046-575b-4ffa-8055-da173cec379a,N/A,20250423 17:22:38,119.517,N/A,add API validation failed: 活動不是發佈狀態" source=console
time="2025-04-23T17:22:38+08:00" level=info msg="Processing global index: 3013 of 5000 at 20250423 17:22:38" source=console
time="2025-04-23T17:22:38+08:00" level=info msg="CSV_LINE:batch1015@batch.com.tw,測一零一五,272838,93094e51-d9c4-45ae-83de-1e308b681362,N/A,20250423 17:22:38,115.798,N/A,add API validation failed: 活動不是發佈狀態" source=console
time="2025-04-23T17:22:38+08:00" level=info msg="CSV_LINE:batch4014@batch.com.tw,測四零一四,275837,bce05726-e71c-42f6-9cf7-f427afe84d39,N/A,20250423 17:22:38,117.85,N/A,add API validation failed: 活動不是發佈狀態" source=console
time="2025-04-23T17:22:38+08:00" level=info msg="CSV_LINE:batch3515@batch.com.tw,測三五一五,275338,ebb3cf7b-c65f-4f9b-ade6-650e75ea5e63,N/A,20250423 17:22:38,115.81,N/A,add API validation failed: 活動不是發佈狀態" source=console
time="2025-04-23T17:22:38+08:00" level=info msg="Processing global index: 4014 of 5000 at 20250423 17:22:38" source=console
time="2025-04-23T17:22:38+08:00" level=info msg="CSV_LINE:batch2512@batch.com.tw,測二五一二,274335,a149315f-a5c6-4f2c-9edb-46663abf6050,N/A,20250423 17:22:38,117.872,N/A,add API validation failed: 活動不是發佈狀態" source=console
time="2025-04-23T17:22:38+08:00" level=info msg="Processing global index: 3515 of 5000 at 20250423 17:22:38" source=console
time="2025-04-23T17:22:38+08:00" level=info msg="Processing global index: 2512 of 5000 at 20250423 17:22:38" source=console
time="2025-04-23T17:22:38+08:00" level=info msg="Processing global index: 1015 of 5000 at 20250423 17:22:38" source=console
time="2025-04-23T17:22:38+08:00" level=info msg="CSV_LINE:batch0012@batch.com.tw,測零零一二,271835,7ee710ac-a93f-4abe-9b5b-ab6809c8175f,N/A,20250423 17:22:38,103.468,N/A,add API validation failed: 活動不是發佈狀態" source=console
time="2025-04-23T17:22:38+08:00" level=info msg="Processing global index: 12 of 5000 at 20250423 17:22:38" source=console
time="2025-04-23T17:22:38+08:00" level=info msg="CSV_LINE:batch1514@batch.com.tw,測一五一四,273337,9280c62c-9130-4a15-8af5-c5165dd0ed83,N/A,20250423 17:22:38,126.418,N/A,add API validation failed: 活動不是發佈狀態" source=console
time="2025-04-23T17:22:38+08:00" level=info msg="Processing global index: 1514 of 5000 at 20250423 17:22:38" source=console
time="2025-04-23T17:22:38+08:00" level=info msg="CSV_LINE:batch0510@batch.com.tw,測零五一零,272333,6a595779-539e-4adc-a33c-de728644c5c0,N/A,20250423 17:22:38,120.169,N/A,add API validation failed: 活動不是發佈狀態" source=console
time="2025-04-23T17:22:38+08:00" level=info msg="Processing global index: 510 of 5000 at 20250423 17:22:38" source=console
time="2025-04-23T17:22:38+08:00" level=info msg="CSV_LINE:batch3014@batch.com.tw,測三零一四,274837,7c61bf6e-7ceb-4e76-a522-ed8bed1fd0b3,N/A,20250423 17:22:38,121.563,N/A,add API validation failed: 活動不是發佈狀態" source=console
time="2025-04-23T17:22:38+08:00" level=info msg="CSV_LINE:batch2013@batch.com.tw,測二零一三,273836,18bab08e-7878-40c6-b3a6-e651a6cd5200,N/A,20250423 17:22:38,121.652,N/A,add API validation failed: 活動不是發佈狀態" source=console
time="2025-04-23T17:22:38+08:00" level=info msg="CSV_LINE:batch4513@batch.com.tw,測四五一三,276336,306cd0ff-13e4-47df-9196-936d9253fd97,N/A,20250423 17:22:38,121.653,N/A,add API validation failed: 活動不是發佈狀態" source=console
time="2025-04-23T17:22:38+08:00" level=info msg="Processing global index: 2013 of 5000 at 20250423 17:22:38" source=console
time="2025-04-23T17:22:38+08:00" level=info msg="Processing global index: 4513 of 5000 at 20250423 17:22:38" source=console
time="2025-04-23T17:22:38+08:00" level=info msg="Processing global index: 3014 of 5000 at 20250423 17:22:38" source=console
time="2025-04-23T17:22:39+08:00" level=info msg="CSV_LINE:batch0013@batch.com.tw,測零零一三,271836,bef77e3f-04ac-48c9-802e-d13cdafc88c0,N/A,20250423 17:22:38,174.807,N/A,add API validation failed: 活動不是發佈狀態" source=console
time="2025-04-23T17:22:39+08:00" level=info msg="CSV_LINE:batch1515@batch.com.tw,測一五一五,273338,ea707cbd-71d1-4239-b526-d72e4018d512,N/A,20250423 17:22:38,166.26,N/A,add API validation failed: 活動不是發佈狀態" source=console
time="2025-04-23T17:22:39+08:00" level=info msg="Processing global index: 13 of 5000 at 20250423 17:22:39" source=console
time="2025-04-23T17:22:39+08:00" level=info msg="Processing global index: 1515 of 5000 at 20250423 17:22:39" source=console
time="2025-04-23T17:22:39+08:00" level=info msg="CSV_LINE:batch0511@batch.com.tw,測零五一一,272334,3977fab0-7ded-4bee-b111-19a2e2f1bb6c,N/A,20250423 17:22:38,162.565,N/A,add API validation failed: 活動不是發佈狀態" source=console
time="2025-04-23T17:22:39+08:00" level=info msg="Processing global index: 511 of 5000 at 20250423 17:22:39" source=console
time="2025-04-23T17:22:39+08:00" level=info msg="CSV_LINE:batch4514@batch.com.tw,測四五一四,276337,f267bd8c-ad63-46e8-9f1d-e4026cee015f,N/A,20250423 17:22:38,160.626,N/A,add API validation failed: 活動不是發佈狀態" source=console
time="2025-04-23T17:22:39+08:00" level=info msg="Processing global index: 4514 of 5000 at 20250423 17:22:39" source=console
time="2025-04-23T17:22:39+08:00" level=info msg="CSV_LINE:batch2014@batch.com.tw,測二零一四,273837,8106eb60-6e86-4ede-81f5-e7fd16bef34a,N/A,20250423 17:22:38,161.791,N/A,add API validation failed: 活動不是發佈狀態" source=console
time="2025-04-23T17:22:39+08:00" level=info msg="Processing global index: 2014 of 5000 at 20250423 17:22:39" source=console
time="2025-04-23T17:22:39+08:00" level=info msg="CSV_LINE:batch4015@batch.com.tw,測四零一五,275838,598a763c-63f4-4c5d-b776-5831b19e7b37,N/A,20250423 17:22:38,200.192,N/A,add API validation failed: 活動不是發佈狀態" source=console
time="2025-04-23T17:22:39+08:00" level=info msg="CSV_LINE:batch1016@batch.com.tw,測一零一六,272839,0e930594-6b2b-4bd7-b191-5fda077d90a6,N/A,20250423 17:22:38,200.136,N/A,add API validation failed: 活動不是發佈狀態" source=console
time="2025-04-23T17:22:39+08:00" level=info msg="Processing global index: 4015 of 5000 at 20250423 17:22:39" source=console
time="2025-04-23T17:22:39+08:00" level=info msg="Processing global index: 1016 of 5000 at 20250423 17:22:39" source=console
time="2025-04-23T17:22:39+08:00" level=info msg="CSV_LINE:batch2513@batch.com.tw,測二五一三,274336,f9ccd554-9680-4108-bd22-64da0abc7b5e,N/A,20250423 17:22:38,201.133,N/A,add API validation failed: 活動不是發佈狀態" source=console
time="2025-04-23T17:22:39+08:00" level=info msg="Processing global index: 2513 of 5000 at 20250423 17:22:39" source=console
time="2025-04-23T17:22:39+08:00" level=info msg="CSV_LINE:batch3516@batch.com.tw,測三五一六,275339,6542cac8-492d-4256-875e-de721e0daba3,N/A,20250423 17:22:38,201.246,N/A,add API validation failed: 活動不是發佈狀態" source=console
time="2025-04-23T17:22:39+08:00" level=info msg="Processing global index: 3516 of 5000 at 20250423 17:22:39" source=console
time="2025-04-23T17:22:39+08:00" level=info msg="CSV_LINE:batch3015@batch.com.tw,測三零一五,274838,33cc6fa8-6c96-4971-a6fb-36fb3746999b,N/A,20250423 17:22:38,182.805,N/A,add API validation failed: 活動不是發佈狀態" source=console
time="2025-04-23T17:22:39+08:00" level=info msg="Processing global index: 3015 of 5000 at 20250423 17:22:39" source=console
time="2025-04-23T17:22:39+08:00" level=info msg="CSV_LINE:batch0512@batch.com.tw,測零五一二,272335,6545742b-7fe7-496f-8df4-ccb258c101a4,N/A,20250423 17:22:39,199.119,N/A,add API validation failed: 活動不是發佈狀態" source=console
time="2025-04-23T17:22:39+08:00" level=info msg="Processing global index: 512 of 5000 at 20250423 17:22:39" source=console
time="2025-04-23T17:22:39+08:00" level=info msg="CSV_LINE:batch0014@batch.com.tw,測零零一四,271837,bc4077f3-52f1-4b23-ad8d-1b02add8104c,N/A,20250423 17:22:39,201.418,N/A,add API validation failed: 活動不是發佈狀態" source=console
time="2025-04-23T17:22:39+08:00" level=info msg="Processing global index: 14 of 5000 at 20250423 17:22:39" source=console
time="2025-04-23T17:22:39+08:00" level=info msg="CSV_LINE:batch4515@batch.com.tw,測四五一五,276338,8b00a137-2cf0-4544-9258-abd4b6ae37e7,N/A,20250423 17:22:39,202.116,N/A,add API validation failed: 活動不是發佈狀態" source=console
time="2025-04-23T17:22:39+08:00" level=info msg="CSV_LINE:batch2015@batch.com.tw,測二零一五,273838,274d14a6-346c-43e8-b945-ce3c279a6ed3,N/A,20250423 17:22:39,201.461,N/A,add API validation failed: 活動不是發佈狀態" source=console
time="2025-04-23T17:22:39+08:00" level=info msg="Processing global index: 4515 of 5000 at 20250423 17:22:39" source=console
time="2025-04-23T17:22:39+08:00" level=info msg="Processing global index: 2015 of 5000 at 20250423 17:22:39" source=console
time="2025-04-23T17:22:39+08:00" level=info msg="CSV_LINE:batch4016@batch.com.tw,測四零一六,275839,52a739f7-e95a-43d2-8b42-79dcd77e8646,N/A,20250423 17:22:39,182.278,N/A,add API validation failed: 活動不是發佈狀態" source=console
time="2025-04-23T17:22:39+08:00" level=info msg="Processing global index: 4016 of 5000 at 20250423 17:22:39" source=console
time="2025-04-23T17:22:39+08:00" level=info msg="CSV_LINE:batch1516@batch.com.tw,測一五一六,273339,c1e5d7f7-17d8-441f-8ce0-ee64a1773cfd,N/A,20250423 17:22:39,212.633,N/A,add API validation failed: 活動不是發佈狀態" source=console
time="2025-04-23T17:22:39+08:00" level=info msg="Processing global index: 1516 of 5000 at 20250423 17:22:39" source=console
time="2025-04-23T17:22:39+08:00" level=info msg="CSV_LINE:batch1017@batch.com.tw,測一零一七,272840,c04f3e8d-fb80-4088-afc6-92b2a724cf26,N/A,20250423 17:22:39,193.008,N/A,add API validation failed: 活動不是發佈狀態" source=console
time="2025-04-23T17:22:39+08:00" level=info msg="CSV_LINE:batch2514@batch.com.tw,測二五一四,274337,2fa7338d-f91b-4f2e-ae02-ba2d209958be,N/A,20250423 17:22:39,192.31,N/A,add API validation failed: 活動不是發佈狀態" source=console
time="2025-04-23T17:22:39+08:00" level=info msg="Processing global index: 1017 of 5000 at 20250423 17:22:39" source=console
time="2025-04-23T17:22:39+08:00" level=info msg="Processing global index: 2514 of 5000 at 20250423 17:22:39" source=console
time="2025-04-23T17:22:39+08:00" level=info msg="CSV_LINE:batch3517@batch.com.tw,測三五一七,275340,681db379-0e28-4c56-8ead-86994ed1472f,N/A,20250423 17:22:39,195.558,N/A,add API validation failed: 活動不是發佈狀態" source=console
time="2025-04-23T17:22:39+08:00" level=info msg="CSV_LINE:batch3016@batch.com.tw,測三零一六,274839,bbfebb4f-2177-44c4-9350-7f807475c8c9,N/A,20250423 17:22:39,194.64,N/A,add API validation failed: 活動不是發佈狀態" source=console
time="2025-04-23T17:22:39+08:00" level=info msg="Processing global index: 3517 of 5000 at 20250423 17:22:39" source=console
time="2025-04-23T17:22:39+08:00" level=info msg="Processing global index: 3016 of 5000 at 20250423 17:22:39" source=console
time="2025-04-23T17:22:39+08:00" level=info msg="CSV_LINE:batch0015@batch.com.tw,測零零一五,271838,89768d61-b9d3-4280-a4f1-d3b39abaeb84,N/A,20250423 17:22:39,191.562,N/A,add API validation failed: 活動不是發佈狀態" source=console
time="2025-04-23T17:22:39+08:00" level=info msg="Processing global index: 15 of 5000 at 20250423 17:22:39" source=console
time="2025-04-23T17:22:39+08:00" level=info msg="CSV_LINE:batch2515@batch.com.tw,測二五一五,274338,4af05e9a-dbb1-4da8-94c4-e156aeefabe4,N/A,20250423 17:22:39,181.663,N/A,add API validation failed: 活動不是發佈狀態" source=console
time="2025-04-23T17:22:39+08:00" level=info msg="Processing global index: 2515 of 5000 at 20250423 17:22:39" source=console
time="2025-04-23T17:22:39+08:00" level=info msg="CSV_LINE:batch1018@batch.com.tw,測一零一八,272841,9e901432-42e3-4ca5-8c23-a03e8d1dfff5,N/A,20250423 17:22:39,181.876,N/A,add API validation failed: 活動不是發佈狀態" source=console
time="2025-04-23T17:22:39+08:00" level=info msg="Processing global index: 1018 of 5000 at 20250423 17:22:39" source=console
time="2025-04-23T17:22:39+08:00" level=info msg="CSV_LINE:batch3518@batch.com.tw,測三五一八,275341,3a2ec242-ca7a-4535-9d4f-373ca366d609,N/A,20250423 17:22:39,179.541,N/A,add API validation failed: 活動不是發佈狀態" source=console
time="2025-04-23T17:22:39+08:00" level=info msg="Processing global index: 3518 of 5000 at 20250423 17:22:39" source=console
time="2025-04-23T17:22:39+08:00" level=info msg="CSV_LINE:batch3017@batch.com.tw,測三零一七,274840,c0ed6c71-54ea-42fb-a1e6-ef22542698ce,N/A,20250423 17:22:39,180.28,N/A,add API validation failed: 活動不是發佈狀態" source=console
time="2025-04-23T17:22:39+08:00" level=info msg="Processing global index: 3017 of 5000 at 20250423 17:22:39" source=console
time="2025-04-23T17:22:39+08:00" level=info msg="CSV_LINE:batch0513@batch.com.tw,測零五一三,272336,8d322220-5793-42eb-8298-ef84038ef78d,N/A,20250423 17:22:39,203.905,N/A,add API validation failed: 活動不是發佈狀態" source=console
time="2025-04-23T17:22:39+08:00" level=info msg="CSV_LINE:batch4017@batch.com.tw,測四零一七,275840,83f211b1-6d50-489c-acdb-f39fde0ed5ef,N/A,20250423 17:22:39,199.297,N/A,add API validation failed: 活動不是發佈狀態" source=console
time="2025-04-23T17:22:39+08:00" level=info msg="Processing global index: 513 of 5000 at 20250423 17:22:39" source=console
time="2025-04-23T17:22:39+08:00" level=info msg="Processing global index: 4017 of 5000 at 20250423 17:22:39" source=console
time="2025-04-23T17:22:39+08:00" level=info msg="CSV_LINE:batch2016@batch.com.tw,測二零一六,273839,26e7ef40-55fd-407b-a97d-e92b7618c5ea,N/A,20250423 17:22:39,202.214,N/A,add API validation failed: 活動不是發佈狀態" source=console
time="2025-04-23T17:22:39+08:00" level=info msg="CSV_LINE:batch1517@batch.com.tw,測一五一七,273340,549d9d63-e1eb-4dfe-887d-0948e2aedccc,N/A,20250423 17:22:39,195.555,N/A,add API validation failed: 活動不是發佈狀態" source=console
time="2025-04-23T17:22:39+08:00" level=info msg="Processing global index: 2016 of 5000 at 20250423 17:22:39" source=console
time="2025-04-23T17:22:39+08:00" level=info msg="CSV_LINE:batch4516@batch.com.tw,測四五一六,276339,031cefbd-d21a-4349-a0f4-4eb81b4057d4,N/A,20250423 17:22:39,202.278,N/A,add API validation failed: 活動不是發佈狀態" source=console
time="2025-04-23T17:22:39+08:00" level=info msg="Processing global index: 1517 of 5000 at 20250423 17:22:39" source=console
time="2025-04-23T17:22:39+08:00" level=info msg="Processing global index: 4516 of 5000 at 20250423 17:22:39" source=console
time="2025-04-23T17:22:39+08:00" level=info msg="CSV_LINE:batch3018@batch.com.tw,測三零一八,274841,7d1fed78-367c-4d5c-b67d-c15f909d30c7,N/A,20250423 17:22:39,191.487,N/A,add API validation failed: 活動不是發佈狀態" source=console
time="2025-04-23T17:22:39+08:00" level=info msg="CSV_LINE:batch2017@batch.com.tw,測二零一七,273840,9671bc7c-b59c-422f-a789-94657eeac051,N/A,20250423 17:22:39,183.68,N/A,add API validation failed: 活動不是發佈狀態" source=console
time="2025-04-23T17:22:39+08:00" level=info msg="CSV_LINE:batch0514@batch.com.tw,測零五一四,272337,11ef2294-ba8a-4e7c-87fc-242ef09a5736,N/A,20250423 17:22:39,186.141,N/A,add API validation failed: 活動不是發佈狀態" source=console
time="2025-04-23T17:22:39+08:00" level=info msg="Processing global index: 2017 of 5000 at 20250423 17:22:39" source=console
time="2025-04-23T17:22:39+08:00" level=info msg="Processing global index: 514 of 5000 at 20250423 17:22:39" source=console
time="2025-04-23T17:22:39+08:00" level=info msg="CSV_LINE:batch4018@batch.com.tw,測四零一八,275841,5fd2dff3-e858-4447-becf-2b992fde1d1d,N/A,20250423 17:22:39,186.135,N/A,add API validation failed: 活動不是發佈狀態" source=console
time="2025-04-23T17:22:39+08:00" level=info msg="Processing global index: 4018 of 5000 at 20250423 17:22:39" source=console
time="2025-04-23T17:22:39+08:00" level=info msg="Processing global index: 3018 of 5000 at 20250423 17:22:39" source=console
time="2025-04-23T17:22:39+08:00" level=info msg="CSV_LINE:batch4517@batch.com.tw,測四五一七,276340,53c0e720-d20a-44a9-8083-e776953bba89,N/A,20250423 17:22:39,184.1,N/A,add API validation failed: 活動不是發佈狀態" source=console
time="2025-04-23T17:22:39+08:00" level=info msg="Processing global index: 4517 of 5000 at 20250423 17:22:39" source=console
time="2025-04-23T17:22:39+08:00" level=info msg="CSV_LINE:batch0016@batch.com.tw,測零零一六,271839,ae8c750f-b82e-4d51-91c1-39257e54c039,N/A,20250423 17:22:39,214.762,N/A,add API validation failed: 活動不是發佈狀態" source=console
time="2025-04-23T17:22:39+08:00" level=info msg="Processing global index: 16 of 5000 at 20250423 17:22:39" source=console
time="2025-04-23T17:22:39+08:00" level=info msg="CSV_LINE:batch1019@batch.com.tw,測一零一九,272842,4e373389-3ae1-4881-93d1-30e9cc6b3980,N/A,20250423 17:22:39,213.347,N/A,add API validation failed: 活動不是發佈狀態" source=console
time="2025-04-23T17:22:39+08:00" level=info msg="CSV_LINE:batch3519@batch.com.tw,測三五一九,275342,034dba9d-751c-496d-838c-1e4da8bd20b5,N/A,20250423 17:22:39,213.68,N/A,add API validation failed: 活動不是發佈狀態" source=console
time="2025-04-23T17:22:39+08:00" level=info msg="CSV_LINE:batch1518@batch.com.tw,測一五一八,273341,d5eec68d-c133-4c23-89c1-148e0541ca4d,N/A,20250423 17:22:39,205.384,N/A,add API validation failed: 活動不是發佈狀態" source=console
time="2025-04-23T17:22:39+08:00" level=info msg="Processing global index: 1019 of 5000 at 20250423 17:22:39" source=console
time="2025-04-23T17:22:39+08:00" level=info msg="Processing global index: 3519 of 5000 at 20250423 17:22:39" source=console
time="2025-04-23T17:22:39+08:00" level=info msg="CSV_LINE:batch2516@batch.com.tw,測二五一六,274339,b10ec2a1-7975-4468-bfdb-a5c1c6ec6386,N/A,20250423 17:22:39,214.64,N/A,add API validation failed: 活動不是發佈狀態" source=console
time="2025-04-23T17:22:39+08:00" level=info msg="Processing global index: 2516 of 5000 at 20250423 17:22:39" source=console
time="2025-04-23T17:22:39+08:00" level=info msg="Processing global index: 1518 of 5000 at 20250423 17:22:39" source=console

running (0h00m03.0s), 10/10 VUs, 172 complete and 0 interrupted iterations
test   [   3% ] 10 VUs  0h00m03.0s/1h0m0s  0172/5000 iters, 500 per VU
time="2025-04-23T17:22:39+08:00" level=info msg="CSV_LINE:batch4518@batch.com.tw,測四五一八,276341,4cc65fb5-1ce0-4adf-b117-b4c271722c95,N/A,20250423 17:22:39,122.874,N/A,add API validation failed: 活動不是發佈狀態" source=console
time="2025-04-23T17:22:39+08:00" level=info msg="Processing global index: 4518 of 5000 at 20250423 17:22:39" source=console
time="2025-04-23T17:22:39+08:00" level=info msg="CSV_LINE:batch0515@batch.com.tw,測零五一五,272338,48d19278-fae3-440b-a5b5-64c46b01a230,N/A,20250423 17:22:39,124.397,N/A,add API validation failed: 活動不是發佈狀態" source=console
time="2025-04-23T17:22:39+08:00" level=info msg="CSV_LINE:batch2018@batch.com.tw,測二零一八,273841,32c7f1d7-8c65-4ac7-82a8-2c28a4b196b2,N/A,20250423 17:22:39,124.33,N/A,add API validation failed: 活動不是發佈狀態" source=console
time="2025-04-23T17:22:39+08:00" level=info msg="Processing global index: 515 of 5000 at 20250423 17:22:39" source=console
time="2025-04-23T17:22:39+08:00" level=info msg="Processing global index: 2018 of 5000 at 20250423 17:22:39" source=console
time="2025-04-23T17:22:39+08:00" level=info msg="CSV_LINE:batch3019@batch.com.tw,測三零一九,274842,e9f9016c-3256-4d79-b62b-b69a49b21975,N/A,20250423 17:22:39,124.33,N/A,add API validation failed: 活動不是發佈狀態" source=console
time="2025-04-23T17:22:39+08:00" level=info msg="Processing global index: 3019 of 5000 at 20250423 17:22:39" source=console
time="2025-04-23T17:22:39+08:00" level=info msg="CSV_LINE:batch0017@batch.com.tw,測零零一七,271840,07ed5062-02e5-47c3-ac33-ab52d1a733be,N/A,20250423 17:22:39,108.367,N/A,add API validation failed: 活動不是發佈狀態" source=console
time="2025-04-23T17:22:39+08:00" level=info msg="Processing global index: 17 of 5000 at 20250423 17:22:39" source=console
time="2025-04-23T17:22:39+08:00" level=info msg="CSV_LINE:batch4019@batch.com.tw,測四零一九,275842,bb80a581-1e21-48e0-8d0e-3a903fed484a,N/A,20250423 17:22:39,140.96,N/A,add API validation failed: 活動不是發佈狀態" source=console
time="2025-04-23T17:22:39+08:00" level=info msg="Processing global index: 4019 of 5000 at 20250423 17:22:39" source=console
time="2025-04-23T17:22:39+08:00" level=info msg="CSV_LINE:batch1519@batch.com.tw,測一五一九,273342,a96b38aa-e19a-4491-b621-578d0da72319,N/A,20250423 17:22:39,165.929,N/A,add API validation failed: 活動不是發佈狀態" source=console
time="2025-04-23T17:22:39+08:00" level=info msg="Processing global index: 1519 of 5000 at 20250423 17:22:39" source=console
time="2025-04-23T17:22:39+08:00" level=info msg="CSV_LINE:batch1020@batch.com.tw,測一零二零,272843,a455d487-0508-4ffb-81aa-1546f23f3f54,N/A,20250423 17:22:39,167.18,N/A,add API validation failed: 活動不是發佈狀態" source=console
time="2025-04-23T17:22:39+08:00" level=info msg="Processing global index: 1020 of 5000 at 20250423 17:22:39" source=console
time="2025-04-23T17:22:39+08:00" level=info msg="CSV_LINE:batch2517@batch.com.tw,測二五一七,274340,5a988951-3c56-4110-acaa-11380785420a,N/A,20250423 17:22:39,168.673,N/A,add API validation failed: 活動不是發佈狀態" source=console
time="2025-04-23T17:22:39+08:00" level=info msg="Processing global index: 2517 of 5000 at 20250423 17:22:39" source=console
time="2025-04-23T17:22:39+08:00" level=info msg="CSV_LINE:batch3520@batch.com.tw,測三五二零,275343,c30859a5-de4c-4f95-9aa6-c6d8435c133d,N/A,20250423 17:22:39,171.192,N/A,add API validation failed: 活動不是發佈狀態" source=console
time="2025-04-23T17:22:39+08:00" level=info msg="Processing global index: 3520 of 5000 at 20250423 17:22:39" source=console
time="2025-04-23T17:22:39+08:00" level=info msg="CSV_LINE:batch3020@batch.com.tw,測三零二零,274843,235e3c5d-177f-4276-beb4-dcd26d98ea0c,N/A,20250423 17:22:39,83.969,N/A,add API validation failed: 活動不是發佈狀態" source=console
time="2025-04-23T17:22:39+08:00" level=info msg="Processing global index: 3020 of 5000 at 20250423 17:22:39" source=console
time="2025-04-23T17:22:39+08:00" level=info msg="CSV_LINE:batch2019@batch.com.tw,測二零一九,273842,e7b9e5d3-ee50-4487-a733-dd18acafd201,N/A,20250423 17:22:39,165.208,N/A,add API validation failed: 活動不是發佈狀態" source=console
time="2025-04-23T17:22:39+08:00" level=info msg="Processing global index: 2019 of 5000 at 20250423 17:22:39" source=console
time="2025-04-23T17:22:39+08:00" level=info msg="CSV_LINE:batch0516@batch.com.tw,測零五一六,272339,c54f11a2-e7cb-42e4-a964-ac1180f8c26a,N/A,20250423 17:22:39,166.101,N/A,add API validation failed: 活動不是發佈狀態" source=console
time="2025-04-23T17:22:39+08:00" level=info msg="Processing global index: 516 of 5000 at 20250423 17:22:39" source=console
time="2025-04-23T17:22:39+08:00" level=info msg="CSV_LINE:batch0018@batch.com.tw,測零零一八,271841,a70cbb1d-5b8d-49a9-b4df-33fb296ce0f7,N/A,20250423 17:22:39,165.241,N/A,add API validation failed: 活動不是發佈狀態" source=console
time="2025-04-23T17:22:39+08:00" level=info msg="Processing global index: 18 of 5000 at 20250423 17:22:39" source=console
time="2025-04-23T17:22:39+08:00" level=info msg="CSV_LINE:batch4519@batch.com.tw,測四五一九,276342,b85480be-6c75-4387-af98-e715278a096a,N/A,20250423 17:22:39,173.771,N/A,add API validation failed: 活動不是發佈狀態" source=console
time="2025-04-23T17:22:39+08:00" level=info msg="CSV_LINE:batch4020@batch.com.tw,測四零二零,275843,c0c925ff-94b4-49ec-8588-ea5d962d869a,N/A,20250423 17:22:39,156.145,N/A,add API validation failed: 活動不是發佈狀態" source=console
time="2025-04-23T17:22:39+08:00" level=info msg="Processing global index: 4519 of 5000 at 20250423 17:22:39" source=console
time="2025-04-23T17:22:39+08:00" level=info msg="Processing global index: 4020 of 5000 at 20250423 17:22:39" source=console
time="2025-04-23T17:22:40+08:00" level=info msg="CSV_LINE:batch2518@batch.com.tw,測二五一八,274341,0052a31b-d21b-4f01-82c2-b61f860efa4a,N/A,20250423 17:22:39,169.1,N/A,add API validation failed: 活動不是發佈狀態" source=console
time="2025-04-23T17:22:40+08:00" level=info msg="CSV_LINE:batch1520@batch.com.tw,測一五二零,273343,f8d96be6-40fd-4b81-acf4-2393e71d820f,N/A,20250423 17:22:39,171.872,N/A,add API validation failed: 活動不是發佈狀態" source=console
time="2025-04-23T17:22:40+08:00" level=info msg="Processing global index: 2518 of 5000 at 20250423 17:22:40" source=console
time="2025-04-23T17:22:40+08:00" level=info msg="Processing global index: 1520 of 5000 at 20250423 17:22:40" source=console
time="2025-04-23T17:22:40+08:00" level=info msg="CSV_LINE:batch1021@batch.com.tw,測一零二一,272844,ddc35c62-82f3-4168-8f01-c4b2b400b35c,N/A,20250423 17:22:39,172.48,N/A,add API validation failed: 活動不是發佈狀態" source=console
time="2025-04-23T17:22:40+08:00" level=info msg="Processing global index: 1021 of 5000 at 20250423 17:22:40" source=console
time="2025-04-23T17:22:40+08:00" level=info msg="CSV_LINE:batch3521@batch.com.tw,測三五二一,275344,dff3678f-9f40-4a78-99e7-b31450b4d247,N/A,20250423 17:22:39,170.696,N/A,add API validation failed: 活動不是發佈狀態" source=console
time="2025-04-23T17:22:40+08:00" level=info msg="Processing global index: 3521 of 5000 at 20250423 17:22:40" source=console
time="2025-04-23T17:22:40+08:00" level=info msg="CSV_LINE:batch3021@batch.com.tw,測三零二一,274844,2bf37c81-f869-4c8f-a48a-37ac7557cd62,N/A,20250423 17:22:39,158.84,N/A,add API validation failed: 活動不是發佈狀態" source=console
time="2025-04-23T17:22:40+08:00" level=info msg="Processing global index: 3021 of 5000 at 20250423 17:22:40" source=console
time="2025-04-23T17:22:40+08:00" level=info msg="CSV_LINE:batch0019@batch.com.tw,測零零一九,271842,f138d23f-c7a0-472d-b731-ca2dea2fc8a0,N/A,20250423 17:22:39,148.95,N/A,add API validation failed: 活動不是發佈狀態" source=console
time="2025-04-23T17:22:40+08:00" level=info msg="Processing global index: 19 of 5000 at 20250423 17:22:40" source=console
time="2025-04-23T17:22:40+08:00" level=info msg="CSV_LINE:batch0517@batch.com.tw,測零五一七,272340,2dfb27f1-960b-40f1-9d6b-fc4cb3bc2ef5,N/A,20250423 17:22:39,149.796,N/A,add API validation failed: 活動不是發佈狀態" source=console
time="2025-04-23T17:22:40+08:00" level=info msg="Processing global index: 517 of 5000 at 20250423 17:22:40" source=console
time="2025-04-23T17:22:40+08:00" level=info msg="CSV_LINE:batch4021@batch.com.tw,測四零二一,275844,8e1fcfe2-3456-4269-a22c-ee427b60df61,N/A,20250423 17:22:39,188.245,N/A,add API validation failed: 活動不是發佈狀態" source=console
time="2025-04-23T17:22:40+08:00" level=info msg="CSV_LINE:batch4520@batch.com.tw,測四五二零,276343,045d8813-e5e9-4787-b21c-cffb3a8b972b,N/A,20250423 17:22:39,188.514,N/A,add API validation failed: 活動不是發佈狀態" source=console
time="2025-04-23T17:22:40+08:00" level=info msg="Processing global index: 4021 of 5000 at 20250423 17:22:40" source=console
time="2025-04-23T17:22:40+08:00" level=info msg="Processing global index: 4520 of 5000 at 20250423 17:22:40" source=console
time="2025-04-23T17:22:40+08:00" level=info msg="CSV_LINE:batch2020@batch.com.tw,測二零二零,273843,63a61bcd-d275-4328-b7e2-1b4b6d32d782,N/A,20250423 17:22:39,289.861,N/A,add API validation failed: 活動不是發佈狀態" source=console
time="2025-04-23T17:22:40+08:00" level=info msg="Processing global index: 2020 of 5000 at 20250423 17:22:40" source=console
time="2025-04-23T17:22:40+08:00" level=info msg="CSV_LINE:batch2519@batch.com.tw,測二五一九,274342,16a0c5e5-85d5-473f-9873-885aa97ec877,N/A,20250423 17:22:40,227.958,N/A,add API validation failed: 活動不是發佈狀態" source=console
time="2025-04-23T17:22:40+08:00" level=info msg="CSV_LINE:batch1521@batch.com.tw,測一五二一,273344,c75bd39d-4ebf-4d28-8c43-3fa49b4d7215,N/A,20250423 17:22:40,228.061,N/A,add API validation failed: 活動不是發佈狀態" source=console
time="2025-04-23T17:22:40+08:00" level=info msg="Processing global index: 2519 of 5000 at 20250423 17:22:40" source=console
time="2025-04-23T17:22:40+08:00" level=info msg="Processing global index: 1521 of 5000 at 20250423 17:22:40" source=console
time="2025-04-23T17:22:40+08:00" level=info msg="CSV_LINE:batch1022@batch.com.tw,測一零二二,272845,38c78d8b-ebde-4364-b04f-496e554401e1,N/A,20250423 17:22:40,227.622,N/A,add API validation failed: 活動不是發佈狀態" source=console
time="2025-04-23T17:22:40+08:00" level=info msg="Processing global index: 1022 of 5000 at 20250423 17:22:40" source=console
time="2025-04-23T17:22:40+08:00" level=info msg="CSV_LINE:batch3522@batch.com.tw,測三五二二,275345,98d6cf83-321c-4cc5-a1ab-4ceb1923807e,N/A,20250423 17:22:40,227.295,N/A,add API validation failed: 活動不是發佈狀態" source=console
time="2025-04-23T17:22:40+08:00" level=info msg="CSV_LINE:batch3022@batch.com.tw,測三零二二,274845,6e676ec2-b2a8-4b68-85fc-39c3e8aac01e,N/A,20250423 17:22:40,222.706,N/A,add API validation failed: 活動不是發佈狀態" source=console
time="2025-04-23T17:22:40+08:00" level=info msg="Processing global index: 3522 of 5000 at 20250423 17:22:40" source=console
time="2025-04-23T17:22:40+08:00" level=info msg="Processing global index: 3022 of 5000 at 20250423 17:22:40" source=console
time="2025-04-23T17:22:40+08:00" level=info msg="CSV_LINE:batch0518@batch.com.tw,測零五一八,272341,f6e871e0-b338-4450-8faf-f95afc147835,N/A,20250423 17:22:40,163.653,N/A,add API validation failed: 活動不是發佈狀態" source=console
time="2025-04-23T17:22:40+08:00" level=info msg="Processing global index: 518 of 5000 at 20250423 17:22:40" source=console
time="2025-04-23T17:22:40+08:00" level=info msg="CSV_LINE:batch0020@batch.com.tw,測零零二零,271843,aa35f939-bd7f-460c-b964-70dd91f85c93,N/A,20250423 17:22:40,166.522,N/A,add API validation failed: 活動不是發佈狀態" source=console
time="2025-04-23T17:22:40+08:00" level=info msg="Processing global index: 20 of 5000 at 20250423 17:22:40" source=console
time="2025-04-23T17:22:40+08:00" level=info msg="CSV_LINE:batch4022@batch.com.tw,測四零二二,275845,18b9f2bb-58ad-426d-adfa-e4ac538ddf67,N/A,20250423 17:22:40,128.955,N/A,add API validation failed: 活動不是發佈狀態" source=console
time="2025-04-23T17:22:40+08:00" level=info msg="CSV_LINE:batch4521@batch.com.tw,測四五二一,276344,dcfe5208-fc89-452a-afe4-4a3decfa993f,N/A,20250423 17:22:40,128.924,N/A,add API validation failed: 活動不是發佈狀態" source=console
time="2025-04-23T17:22:40+08:00" level=info msg="Processing global index: 4022 of 5000 at 20250423 17:22:40" source=console
time="2025-04-23T17:22:40+08:00" level=info msg="Processing global index: 4521 of 5000 at 20250423 17:22:40" source=console
time="2025-04-23T17:22:40+08:00" level=info msg="CSV_LINE:batch2021@batch.com.tw,測二零二一,273844,1f4c8753-4f6f-455a-b934-7c2b3d6660ff,N/A,20250423 17:22:40,141.333,N/A,add API validation failed: 活動不是發佈狀態" source=console
time="2025-04-23T17:22:40+08:00" level=info msg="Processing global index: 2021 of 5000 at 20250423 17:22:40" source=console
time="2025-04-23T17:22:40+08:00" level=info msg="CSV_LINE:batch3023@batch.com.tw,測三零二三,274846,e2343e25-5446-4a30-aef6-be14e1653bc2,N/A,20250423 17:22:40,138.114,N/A,add API validation failed: 活動不是發佈狀態" source=console
time="2025-04-23T17:22:40+08:00" level=info msg="Processing global index: 3023 of 5000 at 20250423 17:22:40" source=console
time="2025-04-23T17:22:40+08:00" level=info msg="CSV_LINE:batch0519@batch.com.tw,測零五一九,272342,e93cb37b-eed3-48d4-9f2f-c51b366ce20a,N/A,20250423 17:22:40,127.282,N/A,add API validation failed: 活動不是發佈狀態" source=console
time="2025-04-23T17:22:40+08:00" level=info msg="Processing global index: 519 of 5000 at 20250423 17:22:40" source=console
time="2025-04-23T17:22:40+08:00" level=info msg="CSV_LINE:batch0021@batch.com.tw,測零零二一,271844,5c2c6f02-9582-4f7d-a917-ea68848766bf,N/A,20250423 17:22:40,126.585,N/A,add API validation failed: 活動不是發佈狀態" source=console
time="2025-04-23T17:22:40+08:00" level=info msg="Processing global index: 21 of 5000 at 20250423 17:22:40" source=console
time="2025-04-23T17:22:40+08:00" level=info msg="CSV_LINE:batch4522@batch.com.tw,測四五二二,276345,b2b0fd9e-f5d5-4f87-b030-293367a780dc,N/A,20250423 17:22:40,118.391,N/A,add API validation failed: 活動不是發佈狀態" source=console
time="2025-04-23T17:22:40+08:00" level=info msg="Processing global index: 4522 of 5000 at 20250423 17:22:40" source=console
time="2025-04-23T17:22:40+08:00" level=info msg="CSV_LINE:batch1522@batch.com.tw,測一五二二,273345,6f673027-329b-498b-85ed-ce5836c3cddc,N/A,20250423 17:22:40,147.14,N/A,add API validation failed: 活動不是發佈狀態" source=console
time="2025-04-23T17:22:40+08:00" level=info msg="Processing global index: 1522 of 5000 at 20250423 17:22:40" source=console
time="2025-04-23T17:22:40+08:00" level=info msg="CSV_LINE:batch3523@batch.com.tw,測三五二三,275346,3a3c91ba-2e72-4005-b19c-9dc3c564adb9,N/A,20250423 17:22:40,146.439,N/A,add API validation failed: 活動不是發佈狀態" source=console
time="2025-04-23T17:22:40+08:00" level=info msg="Processing global index: 3523 of 5000 at 20250423 17:22:40" source=console
time="2025-04-23T17:22:40+08:00" level=info msg="CSV_LINE:batch2520@batch.com.tw,測二五二零,274343,e3146e69-43dc-4fb6-8e33-5b96f2d3f3ba,N/A,20250423 17:22:40,149.603,N/A,add API validation failed: 活動不是發佈狀態" source=console
time="2025-04-23T17:22:40+08:00" level=info msg="CSV_LINE:batch1023@batch.com.tw,測一零二三,272846,a4b3e07e-fe38-40d0-9053-5c99fa1df31d,N/A,20250423 17:22:40,148.701,N/A,add API validation failed: 活動不是發佈狀態" source=console
time="2025-04-23T17:22:40+08:00" level=info msg="Processing global index: 1023 of 5000 at 20250423 17:22:40" source=console
time="2025-04-23T17:22:40+08:00" level=info msg="Processing global index: 2520 of 5000 at 20250423 17:22:40" source=console
time="2025-04-23T17:22:40+08:00" level=info msg="CSV_LINE:batch4023@batch.com.tw,測四零二三,275846,b13508f2-d9d9-4b52-91fc-0a8e5ec5815d,N/A,20250423 17:22:40,124.092,N/A,add API validation failed: 活動不是發佈狀態" source=console
time="2025-04-23T17:22:40+08:00" level=info msg="Processing global index: 4023 of 5000 at 20250423 17:22:40" source=console
